<?xml version="1.0" encoding="UTF-8"?>
<!-- Generated by org.testng.reporters.JUnitXMLReporter -->
<testsuite ignored="6" hostname="Elshat-PC" failures="0" tests="8" name="Default test" time="223.639" errors="0" timestamp="2021-01-27T23:42:24 EST">
  <testcase classname="com.phptravels.tests.HomePageFunctions" name="verifyDestinationFunc" time="9.903"/>
  <testcase classname="com.phptravels.tests.HomePageFunctions" name="hotelEminitiesBtn" time="7.835"/>
  <testcase classname="com.phptravels.tests.HomePageFunctions" name="roundtripCheckBox" time="28.622"/>
  <testcase classname="com.phptravels.tests.HomePageFunctions" name="destinationBox" time="79.683"/>
  <testcase classname="com.phptravels.tests.HomePageFunctions" name="departDate" time="13.342"/>
  <testcase classname="com.phptravels.tests.HomePageFunctions" name="clickADULTSbtns" time="17.869"/>
  <testcase classname="com.phptravels.tests.HomePageFunctions" name="verifyChildBtns" time="17.743"/>
  <testcase classname="com.phptravels.tests.HomePageFunctions" name="verifyInfantBtns" time="20.721"/>
  <testcase classname="com.phptravels.tests.HomePageFunctions" name="dragdropHighPriceBtn" time="0.0">
    <ignored/>
  </testcase> <!-- dragdropHighPriceBtn -->
  <testcase classname="com.phptravels.tests.HomePageFunctions" name="dragLowestPriceBtn" time="0.0">
    <ignored/>
  </testcase> <!-- dragLowestPriceBtn -->
  <testcase classname="com.phptravels.tests.HomePageFunctions" name="ferifyStarGrade" time="0.0">
    <ignored/>
  </testcase> <!-- ferifyStarGrade -->
  <testcase classname="com.phptravels.tests.HomePageFunctions" name="onewayCheckBox" time="0.0">
    <ignored/>
  </testcase> <!-- onewayCheckBox -->
  <testcase classname="com.phptravels.tests.HomePageFunctions" name="verifyChildNum" time="0.0">
    <ignored/>
  </testcase> <!-- verifyChildNum -->
  <testcase classname="com.phptravels.tests.HomePageFunctions" name="verifyAdultsNum" time="0.0">
    <ignored/>
  </testcase> <!-- verifyAdultsNum -->
</testsuite> <!-- Default test -->
