<?xml version="1.0" encoding="UTF-8"?>
<testng-results ignored="6" total="14" passed="8" failed="0" skipped="0">
  <reporter-output>
  </reporter-output>
  <suite started-at="2021-01-27T23:38:40 EST" name="Default suite" finished-at="2021-01-27T23:42:24 EST" duration-ms="223639">
    <groups>
    </groups>
    <test started-at="2021-01-27T23:38:40 EST" name="Default test" finished-at="2021-01-27T23:42:24 EST" duration-ms="223639">
      <class name="com.phptravels.tests.HomePageFunctions">
        <test-method is-config="true" signature="setup()[pri:0, instance:com.phptravels.tests.HomePageFunctions@793be5ca]" started-at="2021-01-27T23:38:40 EST" name="setup" finished-at="2021-01-27T23:38:44 EST" duration-ms="3681" status="PASS">
          <reporter-output>
          </reporter-output>
        </test-method> <!-- setup -->
        <test-method signature="verifyDestinationFunc()[pri:1, instance:com.phptravels.tests.HomePageFunctions@793be5ca]" started-at="2021-01-27T23:38:44 EST" name="verifyDestinationFunc" finished-at="2021-01-27T23:38:54 EST" duration-ms="9903" status="PASS">
          <reporter-output>
          </reporter-output>
        </test-method> <!-- verifyDestinationFunc -->
        <test-method is-config="true" signature="close()[pri:0, instance:com.phptravels.tests.HomePageFunctions@793be5ca]" started-at="2021-01-27T23:38:54 EST" name="close" finished-at="2021-01-27T23:38:54 EST" duration-ms="250" status="PASS">
          <reporter-output>
          </reporter-output>
        </test-method> <!-- close -->
        <test-method is-config="true" signature="setup()[pri:0, instance:com.phptravels.tests.HomePageFunctions@793be5ca]" started-at="2021-01-27T23:38:54 EST" name="setup" finished-at="2021-01-27T23:38:56 EST" duration-ms="1706" status="PASS">
          <reporter-output>
          </reporter-output>
        </test-method> <!-- setup -->
        <test-method signature="hotelEminitiesBtn()[pri:7, instance:com.phptravels.tests.HomePageFunctions@793be5ca]" started-at="2021-01-27T23:38:56 EST" name="hotelEminitiesBtn" finished-at="2021-01-27T23:39:03 EST" duration-ms="7835" status="PASS">
          <reporter-output>
          </reporter-output>
        </test-method> <!-- hotelEminitiesBtn -->
        <test-method is-config="true" signature="close()[pri:0, instance:com.phptravels.tests.HomePageFunctions@793be5ca]" started-at="2021-01-27T23:39:03 EST" name="close" finished-at="2021-01-27T23:39:04 EST" duration-ms="174" status="PASS">
          <reporter-output>
          </reporter-output>
        </test-method> <!-- close -->
        <test-method is-config="true" signature="setup()[pri:0, instance:com.phptravels.tests.HomePageFunctions@793be5ca]" started-at="2021-01-27T23:39:04 EST" name="setup" finished-at="2021-01-27T23:39:05 EST" duration-ms="1706" status="PASS">
          <reporter-output>
          </reporter-output>
        </test-method> <!-- setup -->
        <test-method signature="roundtripCheckBox()[pri:9, instance:com.phptravels.tests.HomePageFunctions@793be5ca]" started-at="2021-01-27T23:39:05 EST" name="roundtripCheckBox" finished-at="2021-01-27T23:39:34 EST" duration-ms="28622" status="PASS">
          <reporter-output>
          </reporter-output>
        </test-method> <!-- roundtripCheckBox -->
        <test-method is-config="true" signature="close()[pri:0, instance:com.phptravels.tests.HomePageFunctions@793be5ca]" started-at="2021-01-27T23:39:34 EST" name="close" finished-at="2021-01-27T23:39:34 EST" duration-ms="179" status="PASS">
          <reporter-output>
          </reporter-output>
        </test-method> <!-- close -->
        <test-method is-config="true" signature="setup()[pri:0, instance:com.phptravels.tests.HomePageFunctions@793be5ca]" started-at="2021-01-27T23:39:34 EST" name="setup" finished-at="2021-01-27T23:39:36 EST" duration-ms="1610" status="PASS">
          <reporter-output>
          </reporter-output>
        </test-method> <!-- setup -->
        <test-method signature="destinationBox()[pri:10, instance:com.phptravels.tests.HomePageFunctions@793be5ca]" started-at="2021-01-27T23:39:36 EST" name="destinationBox" finished-at="2021-01-27T23:40:55 EST" duration-ms="79683" status="PASS">
          <reporter-output>
          </reporter-output>
        </test-method> <!-- destinationBox -->
        <test-method is-config="true" signature="close()[pri:0, instance:com.phptravels.tests.HomePageFunctions@793be5ca]" started-at="2021-01-27T23:40:55 EST" name="close" finished-at="2021-01-27T23:41:07 EST" duration-ms="11184" status="PASS">
          <reporter-output>
          </reporter-output>
        </test-method> <!-- close -->
        <test-method is-config="true" signature="setup()[pri:0, instance:com.phptravels.tests.HomePageFunctions@793be5ca]" started-at="2021-01-27T23:41:07 EST" name="setup" finished-at="2021-01-27T23:41:08 EST" duration-ms="1778" status="PASS">
          <reporter-output>
          </reporter-output>
        </test-method> <!-- setup -->
        <test-method signature="departDate()[pri:11, instance:com.phptravels.tests.HomePageFunctions@793be5ca]" started-at="2021-01-27T23:41:08 EST" name="departDate" finished-at="2021-01-27T23:41:22 EST" duration-ms="13342" status="PASS">
          <reporter-output>
          </reporter-output>
        </test-method> <!-- departDate -->
        <test-method is-config="true" signature="close()[pri:0, instance:com.phptravels.tests.HomePageFunctions@793be5ca]" started-at="2021-01-27T23:41:22 EST" name="close" finished-at="2021-01-27T23:41:22 EST" duration-ms="164" status="PASS">
          <reporter-output>
          </reporter-output>
        </test-method> <!-- close -->
        <test-method is-config="true" signature="setup()[pri:0, instance:com.phptravels.tests.HomePageFunctions@793be5ca]" started-at="2021-01-27T23:41:22 EST" name="setup" finished-at="2021-01-27T23:41:23 EST" duration-ms="1567" status="PASS">
          <reporter-output>
          </reporter-output>
        </test-method> <!-- setup -->
        <test-method signature="clickADULTSbtns()[pri:12, instance:com.phptravels.tests.HomePageFunctions@793be5ca]" started-at="2021-01-27T23:41:23 EST" name="clickADULTSbtns" finished-at="2021-01-27T23:41:41 EST" duration-ms="17869" status="PASS">
          <reporter-output>
          </reporter-output>
        </test-method> <!-- clickADULTSbtns -->
        <test-method is-config="true" signature="close()[pri:0, instance:com.phptravels.tests.HomePageFunctions@793be5ca]" started-at="2021-01-27T23:41:41 EST" name="close" finished-at="2021-01-27T23:41:41 EST" duration-ms="163" status="PASS">
          <reporter-output>
          </reporter-output>
        </test-method> <!-- close -->
        <test-method is-config="true" signature="setup()[pri:0, instance:com.phptravels.tests.HomePageFunctions@793be5ca]" started-at="2021-01-27T23:41:41 EST" name="setup" finished-at="2021-01-27T23:41:43 EST" duration-ms="1727" status="PASS">
          <reporter-output>
          </reporter-output>
        </test-method> <!-- setup -->
        <test-method signature="verifyChildBtns()[pri:13, instance:com.phptravels.tests.HomePageFunctions@793be5ca]" started-at="2021-01-27T23:41:43 EST" name="verifyChildBtns" finished-at="2021-01-27T23:42:01 EST" duration-ms="17743" status="PASS">
          <reporter-output>
          </reporter-output>
        </test-method> <!-- verifyChildBtns -->
        <test-method is-config="true" signature="close()[pri:0, instance:com.phptravels.tests.HomePageFunctions@793be5ca]" started-at="2021-01-27T23:42:01 EST" name="close" finished-at="2021-01-27T23:42:01 EST" duration-ms="207" status="PASS">
          <reporter-output>
          </reporter-output>
        </test-method> <!-- close -->
        <test-method is-config="true" signature="setup()[pri:0, instance:com.phptravels.tests.HomePageFunctions@793be5ca]" started-at="2021-01-27T23:42:01 EST" name="setup" finished-at="2021-01-27T23:42:03 EST" duration-ms="1551" status="PASS">
          <reporter-output>
          </reporter-output>
        </test-method> <!-- setup -->
        <test-method signature="verifyInfantBtns()[pri:14, instance:com.phptravels.tests.HomePageFunctions@793be5ca]" started-at="2021-01-27T23:42:03 EST" name="verifyInfantBtns" finished-at="2021-01-27T23:42:23 EST" duration-ms="20721" status="PASS">
          <reporter-output>
          </reporter-output>
        </test-method> <!-- verifyInfantBtns -->
        <test-method is-config="true" signature="close()[pri:0, instance:com.phptravels.tests.HomePageFunctions@793be5ca]" started-at="2021-01-27T23:42:23 EST" name="close" finished-at="2021-01-27T23:42:24 EST" duration-ms="184" status="PASS">
          <reporter-output>
          </reporter-output>
        </test-method> <!-- close -->
      </class> <!-- com.phptravels.tests.HomePageFunctions -->
    </test> <!-- Default test -->
  </suite> <!-- Default suite -->
</testng-results>
